Rufus x86 v3.21.1949 (Portable)
Windows version: Windows 11 Pro, 64-bit (Build 22000.1219)
Syslinux versions: 4.07/2013-07-25, 6.04/pre1
Grub versions: 0.4.6a, 2.06
System locale ID: 0x0409 (en-US)
Will use default UI locale 0x0409
SetLGP: Successfully set NoDriveTypeAutorun policy to 0x0000009E
Localization set to 'en-US'
0 devices found
Checking for Rufus updates...
Checking release channel...
No new release version found.
0 devices found
0 devices found
0 devices found
0 devices found
0 devices found
0 devices found
0 devices found
0 devices found
0 devices found
0 devices found
0 devices found
0 devices found
0 devices found
0 devices found
0 devices found
0 devices found
0 devices found
0 devices found
0 devices found
0 devices found
0 devices found
0 devices found
0 devices found
0 devices found
0 devices found
0 devices found
0 devices found
0 devices found
0 devices found
0 devices found
0 devices found
0 devices found
0 devices found
0 devices found
0 devices found
